2022-05-24 14:21:53,381 DEBUG [main] cmn.PConnection   (PConnection.java:73)     - connection : oracle.jdbc.driver.T4CConnection@246ae04d
2022-05-24 14:21:53,387 DEBUG [main] board.BoardDao    (BoardDao.java:303)     - query : 
 INSERT INTO board ( 
     seq,            
     title,          
     contents,       
     read_cnt,       
     reg_id,         
     mod_id          
 ) VALUES (          
     ?,              
     ?,              
     ?,              
     ?,              
     ?,              
     ?               
 )                   

2022-05-24 14:21:53,388 DEBUG [main] board.BoardDao    (BoardDao.java:304)     - param : BoardVO [seq=7451540, title=제목_900001, contents=내용_900001, readCnt=0, regDt=, regId=pcwk, modDt=, modId=pcwk, toString()=DTO [no=0]]
2022-05-24 14:21:53,464 DEBUG [main] board.BoardDao    (BoardDao.java:320)     - flag : 1
2022-05-24 14:21:53,464 DEBUG [main] cmn.JDBCUtil      (JDBCUtil.java:29)     - PreparedStatement 자원반납
2022-05-24 14:21:53,464 DEBUG [main] cmn.JDBCUtil      (JDBCUtil.java:41)     - Connection 자원반납
2022-05-24 14:21:53,466 DEBUG [main] board.BoardMain   (BoardMain.java:25)     - ==================
2022-05-24 14:21:53,466 DEBUG [main] board.BoardMain   (BoardMain.java:26)     - ======등록 성공======
2022-05-24 14:21:53,466 DEBUG [main] board.BoardMain   (BoardMain.java:27)     - ==================
